<?xml version="1.0" encoding="UTF-8"?>
<!-- Generated by org.testng.reporters.JUnitXMLReporter -->
<testsuite ignored="0" hostname="DESKTOP-48QKQ3S" failures="3" tests="11" name="Admin Tests" time="6.38" errors="0" timestamp="2024-07-31T08:44:28 IST">
  <testcase classname="com.newgen.base.TestBase" name="@AfterClass tearDown" time="0.018">
    <failure type="java.lang.NullPointerException" message="Cannot invoke &amp;quot;org.openqa.selenium.WebDriver.quit()&amp;quot; because &amp;quot;this.driver&amp;quot; is null">
      <![CDATA[java.lang.NullPointerException: Cannot invoke "org.openqa.selenium.WebDriver.quit()" because "this.driver" is null
at com.newgen.base.TestBase.tearDown(TestBase.java:65)
at java.base/java.util.ArrayList.forEach(ArrayList.java:1511)
... Removed 26 stack frames]]>
    </failure>
  </testcase> <!-- @AfterClass tearDown -->
  <testcase classname="com.newgen.base.TestBase" name="@AfterClass tearDown" time="0.024">
    <failure type="java.lang.NullPointerException" message="Cannot invoke &amp;quot;org.openqa.selenium.WebDriver.quit()&amp;quot; because &amp;quot;this.driver&amp;quot; is null">
      <![CDATA[java.lang.NullPointerException: Cannot invoke "org.openqa.selenium.WebDriver.quit()" because "this.driver" is null
at com.newgen.base.TestBase.tearDown(TestBase.java:65)
at java.base/java.util.ArrayList.forEach(ArrayList.java:1511)
... Removed 26 stack frames]]>
    </failure>
  </testcase> <!-- @AfterClass tearDown -->
  <testcase classname="com.newgen.base.TestBase" name="@AfterClass tearDown" time="0.01">
    <failure type="java.lang.NullPointerException" message="Cannot invoke &amp;quot;org.openqa.selenium.WebDriver.quit()&amp;quot; because &amp;quot;this.driver&amp;quot; is null">
      <![CDATA[java.lang.NullPointerException: Cannot invoke "org.openqa.selenium.WebDriver.quit()" because "this.driver" is null
at com.newgen.base.TestBase.tearDown(TestBase.java:65)
at java.base/java.util.ArrayList.forEach(ArrayList.java:1511)
... Removed 26 stack frames]]>
    </failure>
  </testcase> <!-- @AfterClass tearDown -->
  <testcase classname="com.newgen.tests.BasePageTest" name="baseTest1" time="1.008"/>
  <testcase classname="com.newgen.tests.BasePageTest" name="baseTest2" time="3.011"/>
  <testcase classname="com.newgen.tests.BasePageTest" name="baseTest3" time="0.072"/>
  <testcase classname="com.newgen.tests.BasePageTest" name="verifyHomePage" time="0.159">
    <failure type="java.lang.NullPointerException" message="Cannot invoke &amp;quot;org.openqa.selenium.WebDriver.getTitle()&amp;quot; because &amp;quot;this.driver&amp;quot; is null">
      <![CDATA[java.lang.NullPointerException: Cannot invoke "org.openqa.selenium.WebDriver.getTitle()" because "this.driver" is null
at com.newgen.pages.BasePage.getPageTitle(BasePage.java:31)
at com.newgen.pages.BasePage.verifyBasePageTitle(BasePage.java:37)
at com.newgen.tests.BasePageTest.verifyHomePage(BasePageTest.java:26)
at java.base/java.util.ArrayList.forEach(ArrayList.java:1511)
... Removed 27 stack frames]]>
    </failure>
  </testcase> <!-- verifyHomePage -->
  <testcase classname="com.newgen.tests.SignInPageTest" name="SignInPageTestOne" time="0.031"/>
  <testcase classname="com.newgen.tests.SignInPageTest" name="SignInPageTestThree" time="0.082"/>
  <testcase classname="com.newgen.tests.SignInPageTest" name="SignInPageTestTwo" time="0.048"/>
  <testcase classname="com.newgen.tests.SignInPageTest" name="verifySignInFunction" time="0.019">
    <failure type="java.lang.NullPointerException" message="Cannot invoke &amp;quot;org.openqa.selenium.WebDriver.findElement(org.openqa.selenium.By)&amp;quot; because &amp;quot;this.driver&amp;quot; is null">
      <![CDATA[java.lang.NullPointerException: Cannot invoke "org.openqa.selenium.WebDriver.findElement(org.openqa.selenium.By)" because "this.driver" is null
at com.newgen.pages.BasePage.clickSignInBtn(BasePage.java:17)
at com.newgen.tests.SignInPageTest.verifySignInFunction(SignInPageTest.java:28)
at java.base/java.util.ArrayList.forEach(ArrayList.java:1511)
... Removed 27 stack frames]]>
    </failure>
  </testcase> <!-- verifySignInFunction -->
  <testcase classname="com.newgen.tests.CreateAccountTest" name="createAccountExample1" time="0.033"/>
  <testcase classname="com.newgen.tests.CreateAccountTest" name="createAccountExample2" time="0.036"/>
  <testcase classname="com.newgen.tests.CreateAccountTest" name="verifyCreateAnAccountPage" time="0.042">
    <failure type="java.lang.NullPointerException" message="Cannot invoke &amp;quot;org.openqa.selenium.WebDriver.findElement(org.openqa.selenium.By)&amp;quot; because &amp;quot;this.driver&amp;quot; is null">
      <![CDATA[java.lang.NullPointerException: Cannot invoke "org.openqa.selenium.WebDriver.findElement(org.openqa.selenium.By)" because "this.driver" is null
at com.newgen.pages.BasePage.clickSignInBtn(BasePage.java:17)
at com.newgen.tests.CreateAccountTest.verifyCreateAnAccountPage(CreateAccountTest.java:28)
at java.base/java.util.ArrayList.forEach(ArrayList.java:1511)
... Removed 27 stack frames]]>
    </failure>
  </testcase> <!-- verifyCreateAnAccountPage -->
</testsuite> <!-- Admin Tests -->
